<?xml version="1.0" encoding="UTF-8"?>
<testng-results ignored="0" total="1" passed="1" failed="0" skipped="0">
  <reporter-output>
  </reporter-output>
  <suite started-at="2022-11-04T09:44:11 IST" name="Default suite" finished-at="2022-11-04T09:44:14 IST" duration-ms="2986">
    <groups>
    </groups>
    <test started-at="2022-11-04T09:44:11 IST" name="Default test" finished-at="2022-11-04T09:44:14 IST" duration-ms="2986">
      <class name="testClasses.LaunchFB">
        <test-method is-config="true" signature="setup()[pri:0, instance:testClasses.LaunchFB@69997e9d]" started-at="2022-11-04T09:44:11 IST" name="setup" finished-at="2022-11-04T09:44:14 IST" duration-ms="2540" status="PASS">
          <reporter-output>
          </reporter-output>
        </test-method> <!-- setup -->
        <test-method signature="enterUsername()[pri:0, instance:testClasses.LaunchFB@69997e9d]" started-at="2022-11-04T09:44:14 IST" name="enterUsername" finished-at="2022-11-04T09:44:14 IST" duration-ms="264" status="PASS">
          <reporter-output>
          </reporter-output>
        </test-method> <!-- enterUsername -->
        <test-method is-config="true" signature="teardown()[pri:0, instance:testClasses.LaunchFB@69997e9d]" started-at="2022-11-04T09:44:14 IST" name="teardown" finished-at="2022-11-04T09:44:14 IST" duration-ms="119" status="PASS">
          <reporter-output>
          </reporter-output>
        </test-method> <!-- teardown -->
      </class> <!-- testClasses.LaunchFB -->
    </test> <!-- Default test -->
  </suite> <!-- Default suite -->
</testng-results>
