<?xml version="1.0" encoding="UTF-8"?>
<!-- Generated by org.testng.reporters.JUnitXMLReporter -->
<testsuite ignored="0" hostname="IBM-21J0LQ3" failures="0" tests="3" name="Test" time="0.042" errors="0" timestamp="2022-11-04T09:16:31 IST">
  <testcase classname="testClasses.FirstTestNGClass" name="first" time="0.004"/>
  <testcase classname="testClasses.FirstTestNGClass" name="second" time="0.001"/>
  <testcase classname="testClasses.SecondTestNGClass" name="method2" time="0.001"/>
</testsuite> <!-- Test -->
